.2017-05-19T17:00:52.745 [main] INFO  com.akasiyanik.trip.Application - Starting Application on Aliakseis-MacBook-Pro-2.local with PID 15855 (/Users/akasiyanik/FPMI/diploma/java/trip/target/classes started by akasiyanik in /Users/akasiyanik/FPMI/diploma/java/trip) 
.2017-05-19T17:00:52.939 [main] DEBUG com.akasiyanik.trip.Application - Running with Spring Boot v1.5.3.RELEASE, Spring v4.3.8.RELEASE 
.2017-05-19T17:00:52.940 [main] INFO  com.akasiyanik.trip.Application - No active profile set, falling back to default profiles: default 
.2017-05-19T17:00:53.232 [main] INFO  o.s.c.a.AnnotationConfigApplicationContext - Refreshing org.springframework.context.annotation.AnnotationConfigApplicationContext@663411de: startup date [Fri May 19 17:00:53 MSK 2017]; root of context hierarchy 
.2017-05-19T17:00:58.809 [main] INFO  org.mongodb.driver.cluster - Cluster created with settings {hosts=[localhost:27017], mode=MULTIPLE, requiredClusterType=UNKNOWN, serverSelectionTimeout='30000 ms', maxWaitQueueSize=500} 
.2017-05-19T17:00:58.811 [main] INFO  org.mongodb.driver.cluster - Adding discovered server localhost:27017 to client view of cluster 
.2017-05-19T17:01:00.226 [cluster-ClusterId{value='591efa9a8227603deff6351b', description='null'}-localhost:27017] INFO  org.mongodb.driver.connection - Opened connection [connectionId{localValue:1, serverValue:1}] to localhost:27017 
.2017-05-19T17:01:00.253 [cluster-ClusterId{value='591efa9a8227603deff6351b', description='null'}-localhost:27017] INFO  org.mongodb.driver.cluster - Monitor thread successfully connected to server with description ServerDescription{address=localhost:27017, type=STANDALONE, state=CONNECTED, ok=true, version=ServerVersion{versionList=[3, 4, 2]}, minWireVersion=0, maxWireVersion=5, maxDocumentSize=16777216, roundTripTimeNanos=2571318} 
.2017-05-19T17:01:00.273 [cluster-ClusterId{value='591efa9a8227603deff6351b', description='null'}-localhost:27017] INFO  org.mongodb.driver.cluster - Discovered cluster type of STANDALONE 
.2017-05-19T17:01:02.656 [main] INFO  o.s.j.e.a.AnnotationMBeanExporter - Registering beans for JMX exposure on startup 
.2017-05-19T17:01:29.733 [main] INFO  com.akasiyanik.trip.Application - Started Application in 39.048 seconds (JVM running for 42.675) 
.2017-05-19T17:01:29.743 [Thread-2] INFO  o.s.c.a.AnnotationConfigApplicationContext - Closing org.springframework.context.annotation.AnnotationConfigApplicationContext@663411de: startup date [Fri May 19 17:00:53 MSK 2017]; root of context hierarchy 
.2017-05-19T17:01:29.753 [Thread-2] INFO  o.s.j.e.a.AnnotationMBeanExporter - Unregistering JMX-exposed beans on shutdown 
.2017-05-19T17:15:19.052 [main] INFO  com.akasiyanik.trip.Application - Starting Application on Aliakseis-MacBook-Pro-2.local with PID 16625 (/Users/akasiyanik/FPMI/diploma/java/trip/target/classes started by akasiyanik in /Users/akasiyanik/FPMI/diploma/java/trip) 
.2017-05-19T17:15:19.057 [main] DEBUG com.akasiyanik.trip.Application - Running with Spring Boot v1.5.3.RELEASE, Spring v4.3.8.RELEASE 
.2017-05-19T17:15:19.057 [main] INFO  com.akasiyanik.trip.Application - No active profile set, falling back to default profiles: default 
.2017-05-19T17:15:19.165 [main] INFO  o.s.c.a.AnnotationConfigApplicationContext - Refreshing org.springframework.context.annotation.AnnotationConfigApplicationContext@663411de: startup date [Fri May 19 17:15:19 MSK 2017]; root of context hierarchy 
.2017-05-19T17:15:20.814 [main] INFO  org.mongodb.driver.cluster - Cluster created with settings {hosts=[localhost:27017], mode=MULTIPLE, requiredClusterType=UNKNOWN, serverSelectionTimeout='30000 ms', maxWaitQueueSize=500} 
.2017-05-19T17:15:20.814 [main] INFO  org.mongodb.driver.cluster - Adding discovered server localhost:27017 to client view of cluster 
.2017-05-19T17:15:21.173 [cluster-ClusterId{value='591efdf882276040f1092530', description='null'}-localhost:27017] INFO  org.mongodb.driver.connection - Opened connection [connectionId{localValue:1, serverValue:4}] to localhost:27017 
.2017-05-19T17:15:21.175 [cluster-ClusterId{value='591efdf882276040f1092530', description='null'}-localhost:27017] INFO  org.mongodb.driver.cluster - Monitor thread successfully connected to server with description ServerDescription{address=localhost:27017, type=STANDALONE, state=CONNECTED, ok=true, version=ServerVersion{versionList=[3, 4, 2]}, minWireVersion=0, maxWireVersion=5, maxDocumentSize=16777216, roundTripTimeNanos=820248} 
.2017-05-19T17:15:21.177 [cluster-ClusterId{value='591efdf882276040f1092530', description='null'}-localhost:27017] INFO  org.mongodb.driver.cluster - Discovered cluster type of STANDALONE 
.2017-05-19T17:15:21.786 [main] INFO  o.s.j.e.a.AnnotationMBeanExporter - Registering beans for JMX exposure on startup 
.2017-05-19T17:15:43.016 [main] INFO  org.mongodb.driver.connection - Opened connection [connectionId{localValue:2, serverValue:5}] to localhost:27017 
.2017-05-19T17:15:45.158 [main] INFO  com.akasiyanik.trip.Application - Started Application in 27.376 seconds (JVM running for 28.831) 
.2017-05-19T17:15:45.160 [Thread-2] INFO  o.s.c.a.AnnotationConfigApplicationContext - Closing org.springframework.context.annotation.AnnotationConfigApplicationContext@663411de: startup date [Fri May 19 17:15:19 MSK 2017]; root of context hierarchy 
.2017-05-19T17:15:45.163 [Thread-2] INFO  o.s.j.e.a.AnnotationMBeanExporter - Unregistering JMX-exposed beans on shutdown 
.2017-05-19T17:15:45.165 [Thread-2] INFO  org.mongodb.driver.connection - Closed connection [connectionId{localValue:2, serverValue:5}] to localhost:27017 because the pool has been closed. 
.2017-05-19T17:52:05.966 [main] INFO  com.akasiyanik.trip.Application - Starting Application on Aliakseis-MacBook-Pro-2.local with PID 17274 (/Users/akasiyanik/FPMI/diploma/java/trip/target/classes started by akasiyanik in /Users/akasiyanik/FPMI/diploma/java/trip) 
.2017-05-19T17:52:05.972 [main] DEBUG com.akasiyanik.trip.Application - Running with Spring Boot v1.5.3.RELEASE, Spring v4.3.8.RELEASE 
.2017-05-19T17:52:05.973 [main] INFO  com.akasiyanik.trip.Application - No active profile set, falling back to default profiles: default 
.2017-05-19T17:52:06.076 [main] INFO  o.s.c.a.AnnotationConfigApplicationContext - Refreshing org.springframework.context.annotation.AnnotationConfigApplicationContext@663411de: startup date [Fri May 19 17:52:06 MSK 2017]; root of context hierarchy 
.2017-05-19T17:52:07.865 [main] INFO  org.mongodb.driver.cluster - Cluster created with settings {hosts=[localhost:27017], mode=MULTIPLE, requiredClusterType=UNKNOWN, serverSelectionTimeout='30000 ms', maxWaitQueueSize=500} 
.2017-05-19T17:52:07.865 [main] INFO  org.mongodb.driver.cluster - Adding discovered server localhost:27017 to client view of cluster 
.2017-05-19T17:52:08.230 [cluster-ClusterId{value='591f0697822760437a3d99ac', description='null'}-localhost:27017] INFO  org.mongodb.driver.connection - Opened connection [connectionId{localValue:1, serverValue:6}] to localhost:27017 
.2017-05-19T17:52:08.233 [cluster-ClusterId{value='591f0697822760437a3d99ac', description='null'}-localhost:27017] INFO  org.mongodb.driver.cluster - Monitor thread successfully connected to server with description ServerDescription{address=localhost:27017, type=STANDALONE, state=CONNECTED, ok=true, version=ServerVersion{versionList=[3, 4, 2]}, minWireVersion=0, maxWireVersion=5, maxDocumentSize=16777216, roundTripTimeNanos=713120} 
.2017-05-19T17:52:08.235 [cluster-ClusterId{value='591f0697822760437a3d99ac', description='null'}-localhost:27017] INFO  org.mongodb.driver.cluster - Discovered cluster type of STANDALONE 
.2017-05-19T17:52:08.893 [main] INFO  o.s.j.e.a.AnnotationMBeanExporter - Registering beans for JMX exposure on startup 
.2017-05-19T17:53:09.713 [main] INFO  org.mongodb.driver.connection - Opened connection [connectionId{localValue:2, serverValue:7}] to localhost:27017 
.2017-05-19T17:54:51.237 [main] INFO  o.s.b.a.l.AutoConfigurationReportLoggingInitializer - 

Error starting ApplicationContext. To display the auto-configuration report re-run your application with 'debug' enabled. 
.2017-05-19T17:54:51.321 [main] ERROR o.s.boot.SpringApplication - Application startup failed 
java.lang.IllegalStateException: Failed to execute ApplicationRunner
	at org.springframework.boot.SpringApplication.callRunner(SpringApplication.java:770)
	at org.springframework.boot.SpringApplication.callRunners(SpringApplication.java:757)
	at org.springframework.boot.SpringApplication.afterRefresh(SpringApplication.java:747)
	at org.springframework.boot.SpringApplication.run(SpringApplication.java:315)
	at org.springframework.boot.SpringApplication.run(SpringApplication.java:1162)
	at org.springframework.boot.SpringApplication.run(SpringApplication.java:1151)
	at com.akasiyanik.trip.Application.main(Application.java:18)
Caused by: java.util.NoSuchElementException: No value present
	at java.util.Optional.get(Optional.java:135)
	at com.akasiyanik.trip.DataLoader.lambda$checkStopsAndRoutes$1(DataLoader.java:104)
	at com.akasiyanik.trip.DataLoader$$Lambda$8/612635506.accept(Unknown Source)
	at java.util.Iterator.forEachRemaining(Iterator.java:116)
	at java.util.Spliterators$IteratorSpliterator.forEachRemaining(Spliterators.java:1801)
	at java.util.stream.ReferencePipeline$Head.forEach(ReferencePipeline.java:580)
	at com.akasiyanik.trip.DataLoader.checkStopsAndRoutes(DataLoader.java:99)
	at com.akasiyanik.trip.DataLoader.run(DataLoader.java:62)
	at org.springframework.boot.SpringApplication.callRunner(SpringApplication.java:767)
	... 6 common frames omitted
.2017-05-19T17:54:51.365 [main] INFO  o.s.c.a.AnnotationConfigApplicationContext - Closing org.springframework.context.annotation.AnnotationConfigApplicationContext@663411de: startup date [Fri May 19 17:52:06 MSK 2017]; root of context hierarchy 
.2017-05-19T17:54:51.373 [main] INFO  o.s.j.e.a.AnnotationMBeanExporter - Unregistering JMX-exposed beans on shutdown 
.2017-05-19T17:54:51.391 [main] INFO  org.mongodb.driver.connection - Closed connection [connectionId{localValue:2, serverValue:7}] to localhost:27017 because the pool has been closed. 
.2017-05-19T17:59:12.922 [main] INFO  com.akasiyanik.trip.Application - Starting Application on Aliakseis-MacBook-Pro-2.local with PID 17464 (/Users/akasiyanik/FPMI/diploma/java/trip/target/classes started by akasiyanik in /Users/akasiyanik/FPMI/diploma/java/trip) 
.2017-05-19T17:59:12.936 [main] DEBUG com.akasiyanik.trip.Application - Running with Spring Boot v1.5.3.RELEASE, Spring v4.3.8.RELEASE 
.2017-05-19T17:59:12.937 [main] INFO  com.akasiyanik.trip.Application - No active profile set, falling back to default profiles: default 
.2017-05-19T17:59:13.302 [main] INFO  o.s.c.a.AnnotationConfigApplicationContext - Refreshing org.springframework.context.annotation.AnnotationConfigApplicationContext@663411de: startup date [Fri May 19 17:59:13 MSK 2017]; root of context hierarchy 
.2017-05-19T17:59:15.225 [main] INFO  org.mongodb.driver.cluster - Cluster created with settings {hosts=[localhost:27017], mode=MULTIPLE, requiredClusterType=UNKNOWN, serverSelectionTimeout='30000 ms', maxWaitQueueSize=500} 
.2017-05-19T17:59:15.225 [main] INFO  org.mongodb.driver.cluster - Adding discovered server localhost:27017 to client view of cluster 
.2017-05-19T17:59:15.716 [cluster-ClusterId{value='591f08438227604438e4d900', description='null'}-localhost:27017] INFO  org.mongodb.driver.connection - Opened connection [connectionId{localValue:1, serverValue:8}] to localhost:27017 
.2017-05-19T17:59:15.719 [cluster-ClusterId{value='591f08438227604438e4d900', description='null'}-localhost:27017] INFO  org.mongodb.driver.cluster - Monitor thread successfully connected to server with description ServerDescription{address=localhost:27017, type=STANDALONE, state=CONNECTED, ok=true, version=ServerVersion{versionList=[3, 4, 2]}, minWireVersion=0, maxWireVersion=5, maxDocumentSize=16777216, roundTripTimeNanos=748125} 
.2017-05-19T17:59:15.720 [cluster-ClusterId{value='591f08438227604438e4d900', description='null'}-localhost:27017] INFO  org.mongodb.driver.cluster - Discovered cluster type of STANDALONE 
.2017-05-19T17:59:16.562 [main] INFO  o.s.j.e.a.AnnotationMBeanExporter - Registering beans for JMX exposure on startup 
.2017-05-19T17:59:17.053 [main] INFO  org.mongodb.driver.connection - Opened connection [connectionId{localValue:2, serverValue:9}] to localhost:27017 
.2017-05-19T18:00:26.939 [main] INFO  o.s.b.a.l.AutoConfigurationReportLoggingInitializer - 

Error starting ApplicationContext. To display the auto-configuration report re-run your application with 'debug' enabled. 
.2017-05-19T18:00:26.956 [main] ERROR o.s.boot.SpringApplication - Application startup failed 
java.lang.IllegalStateException: Failed to execute ApplicationRunner
	at org.springframework.boot.SpringApplication.callRunner(SpringApplication.java:770)
	at org.springframework.boot.SpringApplication.callRunners(SpringApplication.java:757)
	at org.springframework.boot.SpringApplication.afterRefresh(SpringApplication.java:747)
	at org.springframework.boot.SpringApplication.run(SpringApplication.java:315)
	at org.springframework.boot.SpringApplication.run(SpringApplication.java:1162)
	at org.springframework.boot.SpringApplication.run(SpringApplication.java:1151)
	at com.akasiyanik.trip.Application.main(Application.java:18)
Caused by: java.util.NoSuchElementException: No value present
	at java.util.Optional.get(Optional.java:135)
	at com.akasiyanik.trip.DataLoader.lambda$checkStopsAndRoutes$1(DataLoader.java:104)
	at com.akasiyanik.trip.DataLoader$$Lambda$8/1134011961.accept(Unknown Source)
	at java.util.Iterator.forEachRemaining(Iterator.java:116)
	at java.util.Spliterators$IteratorSpliterator.forEachRemaining(Spliterators.java:1801)
	at java.util.stream.ReferencePipeline$Head.forEach(ReferencePipeline.java:580)
	at com.akasiyanik.trip.DataLoader.checkStopsAndRoutes(DataLoader.java:99)
	at com.akasiyanik.trip.DataLoader.run(DataLoader.java:62)
	at org.springframework.boot.SpringApplication.callRunner(SpringApplication.java:767)
	... 6 common frames omitted
.2017-05-19T18:00:26.958 [main] INFO  o.s.c.a.AnnotationConfigApplicationContext - Closing org.springframework.context.annotation.AnnotationConfigApplicationContext@663411de: startup date [Fri May 19 17:59:13 MSK 2017]; root of context hierarchy 
.2017-05-19T18:00:26.961 [main] INFO  o.s.j.e.a.AnnotationMBeanExporter - Unregistering JMX-exposed beans on shutdown 
.2017-05-19T18:00:26.965 [main] INFO  org.mongodb.driver.connection - Closed connection [connectionId{localValue:2, serverValue:9}] to localhost:27017 because the pool has been closed. 
.2017-05-19T18:16:10.277 [main] INFO  com.akasiyanik.trip.Application - Starting Application on Aliakseis-MacBook-Pro-2.local with PID 17547 (/Users/akasiyanik/FPMI/diploma/java/trip/target/classes started by akasiyanik in /Users/akasiyanik/FPMI/diploma/java/trip) 
.2017-05-19T18:16:10.281 [main] DEBUG com.akasiyanik.trip.Application - Running with Spring Boot v1.5.3.RELEASE, Spring v4.3.8.RELEASE 
.2017-05-19T18:16:10.281 [main] INFO  com.akasiyanik.trip.Application - No active profile set, falling back to default profiles: default 
.2017-05-19T18:16:10.373 [main] INFO  o.s.c.a.AnnotationConfigApplicationContext - Refreshing org.springframework.context.annotation.AnnotationConfigApplicationContext@663411de: startup date [Fri May 19 18:16:10 MSK 2017]; root of context hierarchy 
.2017-05-19T18:16:12.017 [main] INFO  org.mongodb.driver.cluster - Cluster created with settings {hosts=[localhost:27017], mode=MULTIPLE, requiredClusterType=UNKNOWN, serverSelectionTimeout='30000 ms', maxWaitQueueSize=500} 
.2017-05-19T18:16:12.018 [main] INFO  org.mongodb.driver.cluster - Adding discovered server localhost:27017 to client view of cluster 
.2017-05-19T18:16:12.382 [cluster-ClusterId{value='591f0c3c822760448b00221f', description='null'}-localhost:27017] INFO  org.mongodb.driver.connection - Opened connection [connectionId{localValue:1, serverValue:10}] to localhost:27017 
.2017-05-19T18:16:12.385 [cluster-ClusterId{value='591f0c3c822760448b00221f', description='null'}-localhost:27017] INFO  org.mongodb.driver.cluster - Monitor thread successfully connected to server with description ServerDescription{address=localhost:27017, type=STANDALONE, state=CONNECTED, ok=true, version=ServerVersion{versionList=[3, 4, 2]}, minWireVersion=0, maxWireVersion=5, maxDocumentSize=16777216, roundTripTimeNanos=916488} 
.2017-05-19T18:16:12.387 [cluster-ClusterId{value='591f0c3c822760448b00221f', description='null'}-localhost:27017] INFO  org.mongodb.driver.cluster - Discovered cluster type of STANDALONE 
.2017-05-19T18:16:13.059 [main] INFO  o.s.j.e.a.AnnotationMBeanExporter - Registering beans for JMX exposure on startup 
.2017-05-19T18:16:13.077 [main] INFO  com.akasiyanik.trip.DataLoader - Route loading is started: BUS 1  
.2017-05-19T18:16:19.731 [main] INFO  com.akasiyanik.trip.DataLoader - Route loading has been finished: BUS 1  
.2017-05-19T18:16:19.732 [main] INFO  com.akasiyanik.trip.DataLoader - Route loading is started: BUS 2c  
.2017-05-19T18:16:32.178 [main] INFO  o.s.b.a.l.AutoConfigurationReportLoggingInitializer - 

Error starting ApplicationContext. To display the auto-configuration report re-run your application with 'debug' enabled. 
.2017-05-19T18:16:32.197 [main] ERROR o.s.boot.SpringApplication - Application startup failed 
java.lang.IllegalStateException: Failed to execute ApplicationRunner
	at org.springframework.boot.SpringApplication.callRunner(SpringApplication.java:770)
	at org.springframework.boot.SpringApplication.callRunners(SpringApplication.java:757)
	at org.springframework.boot.SpringApplication.afterRefresh(SpringApplication.java:747)
	at org.springframework.boot.SpringApplication.run(SpringApplication.java:315)
	at org.springframework.boot.SpringApplication.run(SpringApplication.java:1162)
	at org.springframework.boot.SpringApplication.run(SpringApplication.java:1151)
	at com.akasiyanik.trip.Application.main(Application.java:18)
Caused by: java.lang.RuntimeException: Selenium can't load page
	at com.akasiyanik.trip.timetable.html.HtmlTimetableDownloader.download(HtmlTimetableDownloader.java:35)
	at com.akasiyanik.trip.DataLoader.loadTimetables(DataLoader.java:67)
	at com.akasiyanik.trip.DataLoader.run(DataLoader.java:51)
	at org.springframework.boot.SpringApplication.callRunner(SpringApplication.java:767)
	... 6 common frames omitted
Caused by: org.openqa.selenium.TimeoutException: Timed out after 10 seconds waiting for presence of element located by: By.id: schedule_list
Build info: version: '2.53.1', revision: 'a36b8b1cd5757287168e54b817830adce9b0158d', time: '2016-06-30 19:26:09'
System info: host: 'Aliakseis-MacBook-Pro-2.local', ip: '192.168.15.219', os.name: 'Mac OS X', os.arch: 'x86_64', os.version: '10.11.6', java.version: '1.8.0_51'
Driver info: org.openqa.selenium.chrome.ChromeDriver
Capabilities [{applicationCacheEnabled=false, rotatable=false, mobileEmulationEnabled=false, networkConnectionEnabled=false, chrome={chromedriverVersion=2.29.461585 (0be2cd95f834e9ee7c46bcc7cf405b483f5ae83b), userDataDir=/var/folders/hb/c3911q4576l3q71h4ny_hny80000gn/T/.org.chromium.Chromium.DJ17k1}, takesHeapSnapshot=true, pageLoadStrategy=normal, databaseEnabled=false, handlesAlerts=true, hasTouchScreen=false, version=58.0.3029.110, platform=MAC, browserConnectionEnabled=false, nativeEvents=true, acceptSslCerts=true, locationContextEnabled=true, webStorageEnabled=true, browserName=chrome, takesScreenshot=true, javascriptEnabled=true, cssSelectorsEnabled=true, unexpectedAlertBehaviour=}]
Session ID: 185639429efa937f8f533b165f480438
	at org.openqa.selenium.support.ui.WebDriverWait.timeoutException(WebDriverWait.java:80)
	at org.openqa.selenium.support.ui.FluentWait.until(FluentWait.java:261)
	at com.akasiyanik.trip.timetable.html.HtmlTimetableDownloader.download(HtmlTimetableDownloader.java:32)
	... 9 common frames omitted
Caused by: org.openqa.selenium.NoSuchElementException: no such element: Unable to locate element: {"method":"id","selector":"schedule_list"}
  (Session info: chrome=58.0.3029.110)
  (Driver info: chromedriver=2.29.461585 (0be2cd95f834e9ee7c46bcc7cf405b483f5ae83b),platform=Mac OS X 10.11.6 x86_64) (WARNING: The server did not provide any stacktrace information)
Command duration or timeout: 12 milliseconds
For documentation on this error, please visit: http://seleniumhq.org/exceptions/no_such_element.html
Build info: version: '2.53.1', revision: 'a36b8b1cd5757287168e54b817830adce9b0158d', time: '2016-06-30 19:26:09'
System info: host: 'Aliakseis-MacBook-Pro-2.local', ip: '192.168.15.219', os.name: 'Mac OS X', os.arch: 'x86_64', os.version: '10.11.6', java.version: '1.8.0_51'
Driver info: org.openqa.selenium.chrome.ChromeDriver
Capabilities [{applicationCacheEnabled=false, rotatable=false, mobileEmulationEnabled=false, networkConnectionEnabled=false, chrome={chromedriverVersion=2.29.461585 (0be2cd95f834e9ee7c46bcc7cf405b483f5ae83b), userDataDir=/var/folders/hb/c3911q4576l3q71h4ny_hny80000gn/T/.org.chromium.Chromium.DJ17k1}, takesHeapSnapshot=true, pageLoadStrategy=normal, databaseEnabled=false, handlesAlerts=true, hasTouchScreen=false, version=58.0.3029.110, platform=MAC, browserConnectionEnabled=false, nativeEvents=true, acceptSslCerts=true, locationContextEnabled=true, webStorageEnabled=true, browserName=chrome, takesScreenshot=true, javascriptEnabled=true, cssSelectorsEnabled=true, unexpectedAlertBehaviour=}]
Session ID: 185639429efa937f8f533b165f480438
*** Element info: {Using=id, value=schedule_list}
	at sun.reflect.GeneratedConstructorAccessor16.newInstance(Unknown Source)
	at sun.reflect.DelegatingConstructorAccessorImpl.newInstance(DelegatingConstructorAccessorImpl.java:45)
	at java.lang.reflect.Constructor.newInstance(Constructor.java:422)
	at org.openqa.selenium.remote.ErrorHandler.createThrowable(ErrorHandler.java:206)
	at org.openqa.selenium.remote.ErrorHandler.throwIfResponseFailed(ErrorHandler.java:158)
	at org.openqa.selenium.remote.RemoteWebDriver.execute(RemoteWebDriver.java:678)
	at org.openqa.selenium.remote.RemoteWebDriver.findElement(RemoteWebDriver.java:363)
	at org.openqa.selenium.remote.RemoteWebDriver.findElementById(RemoteWebDriver.java:413)
	at org.openqa.selenium.By$ById.findElement(By.java:218)
	at org.openqa.selenium.remote.RemoteWebDriver.findElement(RemoteWebDriver.java:355)
	at org.openqa.selenium.support.ui.ExpectedConditions.findElement(ExpectedConditions.java:899)
	at org.openqa.selenium.support.ui.ExpectedConditions.access$000(ExpectedConditions.java:41)
	at org.openqa.selenium.support.ui.ExpectedConditions$6.apply(ExpectedConditions.java:181)
	at org.openqa.selenium.support.ui.ExpectedConditions$6.apply(ExpectedConditions.java:178)
	at org.openqa.selenium.support.ui.FluentWait.until(FluentWait.java:238)
	... 10 common frames omitted
.2017-05-19T18:16:32.200 [main] INFO  o.s.c.a.AnnotationConfigApplicationContext - Closing org.springframework.context.annotation.AnnotationConfigApplicationContext@663411de: startup date [Fri May 19 18:16:10 MSK 2017]; root of context hierarchy 
.2017-05-19T18:16:32.202 [main] INFO  o.s.j.e.a.AnnotationMBeanExporter - Unregistering JMX-exposed beans on shutdown 
.2017-05-19T18:18:25.012 [main] INFO  com.akasiyanik.trip.Application - Starting Application on Aliakseis-MacBook-Pro-2.local with PID 17637 (/Users/akasiyanik/FPMI/diploma/java/trip/target/classes started by akasiyanik in /Users/akasiyanik/FPMI/diploma/java/trip) 
.2017-05-19T18:18:25.017 [main] DEBUG com.akasiyanik.trip.Application - Running with Spring Boot v1.5.3.RELEASE, Spring v4.3.8.RELEASE 
.2017-05-19T18:18:25.017 [main] INFO  com.akasiyanik.trip.Application - No active profile set, falling back to default profiles: default 
.2017-05-19T18:18:25.099 [main] INFO  o.s.c.a.AnnotationConfigApplicationContext - Refreshing org.springframework.context.annotation.AnnotationConfigApplicationContext@130dca52: startup date [Fri May 19 18:18:25 MSK 2017]; root of context hierarchy 
.2017-05-19T18:18:26.714 [main] INFO  org.mongodb.driver.cluster - Cluster created with settings {hosts=[localhost:27017], mode=MULTIPLE, requiredClusterType=UNKNOWN, serverSelectionTimeout='30000 ms', maxWaitQueueSize=500} 
.2017-05-19T18:18:26.714 [main] INFO  org.mongodb.driver.cluster - Adding discovered server localhost:27017 to client view of cluster 
.2017-05-19T18:18:27.032 [cluster-ClusterId{value='591f0cc282276044e5840d49', description='null'}-localhost:27017] INFO  org.mongodb.driver.connection - Opened connection [connectionId{localValue:1, serverValue:11}] to localhost:27017 
.2017-05-19T18:18:27.035 [cluster-ClusterId{value='591f0cc282276044e5840d49', description='null'}-localhost:27017] INFO  org.mongodb.driver.cluster - Monitor thread successfully connected to server with description ServerDescription{address=localhost:27017, type=STANDALONE, state=CONNECTED, ok=true, version=ServerVersion{versionList=[3, 4, 2]}, minWireVersion=0, maxWireVersion=5, maxDocumentSize=16777216, roundTripTimeNanos=783800} 
.2017-05-19T18:18:27.036 [cluster-ClusterId{value='591f0cc282276044e5840d49', description='null'}-localhost:27017] INFO  org.mongodb.driver.cluster - Discovered cluster type of STANDALONE 
.2017-05-19T18:18:27.763 [main] INFO  o.s.j.e.a.AnnotationMBeanExporter - Registering beans for JMX exposure on startup 
.2017-05-19T18:18:27.797 [main] INFO  com.akasiyanik.trip.DataLoader - Route loading is started: BUS 1  
.2017-05-19T18:18:39.163 [main] INFO  com.akasiyanik.trip.DataLoader - Route loading has been finished: BUS 1  
.2017-05-19T18:18:39.165 [main] INFO  com.akasiyanik.trip.DataLoader - Route loading is started: BUS 2c  
.2017-05-19T18:18:56.692 [main] INFO  o.s.b.a.l.AutoConfigurationReportLoggingInitializer - 

Error starting ApplicationContext. To display the auto-configuration report re-run your application with 'debug' enabled. 
.2017-05-19T18:18:56.707 [main] ERROR o.s.boot.SpringApplication - Application startup failed 
java.lang.IllegalStateException: Failed to execute ApplicationRunner
	at org.springframework.boot.SpringApplication.callRunner(SpringApplication.java:770)
	at org.springframework.boot.SpringApplication.callRunners(SpringApplication.java:757)
	at org.springframework.boot.SpringApplication.afterRefresh(SpringApplication.java:747)
	at org.springframework.boot.SpringApplication.run(SpringApplication.java:315)
	at org.springframework.boot.SpringApplication.run(SpringApplication.java:1162)
	at org.springframework.boot.SpringApplication.run(SpringApplication.java:1151)
	at com.akasiyanik.trip.Application.main(Application.java:18)
Caused by: java.lang.RuntimeException: Selenium can't load page
	at com.akasiyanik.trip.timetable.html.HtmlTimetableDownloader.download(HtmlTimetableDownloader.java:35)
	at com.akasiyanik.trip.DataLoader.loadTimetables(DataLoader.java:67)
	at com.akasiyanik.trip.DataLoader.run(DataLoader.java:51)
	at org.springframework.boot.SpringApplication.callRunner(SpringApplication.java:767)
	... 6 common frames omitted
Caused by: org.openqa.selenium.TimeoutException: Timed out after 10 seconds waiting for presence of element located by: By.id: schedule_list
Build info: version: '2.53.1', revision: 'a36b8b1cd5757287168e54b817830adce9b0158d', time: '2016-06-30 19:26:09'
System info: host: 'Aliakseis-MacBook-Pro-2.local', ip: '192.168.15.219', os.name: 'Mac OS X', os.arch: 'x86_64', os.version: '10.11.6', java.version: '1.8.0_51'
Driver info: org.openqa.selenium.chrome.ChromeDriver
Capabilities [{applicationCacheEnabled=false, rotatable=false, mobileEmulationEnabled=false, networkConnectionEnabled=false, chrome={chromedriverVersion=2.29.461585 (0be2cd95f834e9ee7c46bcc7cf405b483f5ae83b), userDataDir=/var/folders/hb/c3911q4576l3q71h4ny_hny80000gn/T/.org.chromium.Chromium.AyUgnt}, takesHeapSnapshot=true, pageLoadStrategy=normal, databaseEnabled=false, handlesAlerts=true, hasTouchScreen=false, version=58.0.3029.110, platform=MAC, browserConnectionEnabled=false, nativeEvents=true, acceptSslCerts=true, locationContextEnabled=true, webStorageEnabled=true, browserName=chrome, takesScreenshot=true, javascriptEnabled=true, cssSelectorsEnabled=true, unexpectedAlertBehaviour=}]
Session ID: 6c45b0558dd43e1b0d65be80b2e845d9
	at org.openqa.selenium.support.ui.WebDriverWait.timeoutException(WebDriverWait.java:80)
	at org.openqa.selenium.support.ui.FluentWait.until(FluentWait.java:261)
	at com.akasiyanik.trip.timetable.html.HtmlTimetableDownloader.download(HtmlTimetableDownloader.java:32)
	... 9 common frames omitted
Caused by: org.openqa.selenium.NoSuchElementException: no such element: Unable to locate element: {"method":"id","selector":"schedule_list"}
  (Session info: chrome=58.0.3029.110)
  (Driver info: chromedriver=2.29.461585 (0be2cd95f834e9ee7c46bcc7cf405b483f5ae83b),platform=Mac OS X 10.11.6 x86_64) (WARNING: The server did not provide any stacktrace information)
Command duration or timeout: 11 milliseconds
For documentation on this error, please visit: http://seleniumhq.org/exceptions/no_such_element.html
Build info: version: '2.53.1', revision: 'a36b8b1cd5757287168e54b817830adce9b0158d', time: '2016-06-30 19:26:09'
System info: host: 'Aliakseis-MacBook-Pro-2.local', ip: '192.168.15.219', os.name: 'Mac OS X', os.arch: 'x86_64', os.version: '10.11.6', java.version: '1.8.0_51'
Driver info: org.openqa.selenium.chrome.ChromeDriver
Capabilities [{applicationCacheEnabled=false, rotatable=false, mobileEmulationEnabled=false, networkConnectionEnabled=false, chrome={chromedriverVersion=2.29.461585 (0be2cd95f834e9ee7c46bcc7cf405b483f5ae83b), userDataDir=/var/folders/hb/c3911q4576l3q71h4ny_hny80000gn/T/.org.chromium.Chromium.AyUgnt}, takesHeapSnapshot=true, pageLoadStrategy=normal, databaseEnabled=false, handlesAlerts=true, hasTouchScreen=false, version=58.0.3029.110, platform=MAC, browserConnectionEnabled=false, nativeEvents=true, acceptSslCerts=true, locationContextEnabled=true, webStorageEnabled=true, browserName=chrome, takesScreenshot=true, javascriptEnabled=true, cssSelectorsEnabled=true, unexpectedAlertBehaviour=}]
Session ID: 6c45b0558dd43e1b0d65be80b2e845d9
*** Element info: {Using=id, value=schedule_list}
	at sun.reflect.GeneratedConstructorAccessor16.newInstance(Unknown Source)
	at sun.reflect.DelegatingConstructorAccessorImpl.newInstance(DelegatingConstructorAccessorImpl.java:45)
	at java.lang.reflect.Constructor.newInstance(Constructor.java:422)
	at org.openqa.selenium.remote.ErrorHandler.createThrowable(ErrorHandler.java:206)
	at org.openqa.selenium.remote.ErrorHandler.throwIfResponseFailed(ErrorHandler.java:158)
	at org.openqa.selenium.remote.RemoteWebDriver.execute(RemoteWebDriver.java:678)
	at org.openqa.selenium.remote.RemoteWebDriver.findElement(RemoteWebDriver.java:363)
	at org.openqa.selenium.remote.RemoteWebDriver.findElementById(RemoteWebDriver.java:413)
	at org.openqa.selenium.By$ById.findElement(By.java:218)
	at org.openqa.selenium.remote.RemoteWebDriver.findElement(RemoteWebDriver.java:355)
	at org.openqa.selenium.support.ui.ExpectedConditions.findElement(ExpectedConditions.java:899)
	at org.openqa.selenium.support.ui.ExpectedConditions.access$000(ExpectedConditions.java:41)
	at org.openqa.selenium.support.ui.ExpectedConditions$6.apply(ExpectedConditions.java:181)
	at org.openqa.selenium.support.ui.ExpectedConditions$6.apply(ExpectedConditions.java:178)
	at org.openqa.selenium.support.ui.FluentWait.until(FluentWait.java:238)
	... 10 common frames omitted
.2017-05-19T18:18:56.710 [main] INFO  o.s.c.a.AnnotationConfigApplicationContext - Closing org.springframework.context.annotation.AnnotationConfigApplicationContext@130dca52: startup date [Fri May 19 18:18:25 MSK 2017]; root of context hierarchy 
.2017-05-19T18:18:56.712 [main] INFO  o.s.j.e.a.AnnotationMBeanExporter - Unregistering JMX-exposed beans on shutdown 
.2017-05-19T18:20:27.078 [main] INFO  com.akasiyanik.trip.Application - Starting Application on Aliakseis-MacBook-Pro-2.local with PID 17688 (/Users/akasiyanik/FPMI/diploma/java/trip/target/classes started by akasiyanik in /Users/akasiyanik/FPMI/diploma/java/trip) 
.2017-05-19T18:20:27.096 [main] DEBUG com.akasiyanik.trip.Application - Running with Spring Boot v1.5.3.RELEASE, Spring v4.3.8.RELEASE 
.2017-05-19T18:20:27.098 [main] INFO  com.akasiyanik.trip.Application - No active profile set, falling back to default profiles: default 
.2017-05-19T18:20:27.195 [main] INFO  o.s.c.a.AnnotationConfigApplicationContext - Refreshing org.springframework.context.annotation.AnnotationConfigApplicationContext@130dca52: startup date [Fri May 19 18:20:27 MSK 2017]; root of context hierarchy 
.2017-05-19T18:20:29.122 [main] INFO  org.mongodb.driver.cluster - Cluster created with settings {hosts=[localhost:27017], mode=MULTIPLE, requiredClusterType=UNKNOWN, serverSelectionTimeout='30000 ms', maxWaitQueueSize=500} 
.2017-05-19T18:20:29.122 [main] INFO  org.mongodb.driver.cluster - Adding discovered server localhost:27017 to client view of cluster 
.2017-05-19T18:20:29.509 [cluster-ClusterId{value='591f0d3d822760451846383d', description='null'}-localhost:27017] INFO  org.mongodb.driver.connection - Opened connection [connectionId{localValue:1, serverValue:12}] to localhost:27017 
.2017-05-19T18:20:29.515 [cluster-ClusterId{value='591f0d3d822760451846383d', description='null'}-localhost:27017] INFO  org.mongodb.driver.cluster - Monitor thread successfully connected to server with description ServerDescription{address=localhost:27017, type=STANDALONE, state=CONNECTED, ok=true, version=ServerVersion{versionList=[3, 4, 2]}, minWireVersion=0, maxWireVersion=5, maxDocumentSize=16777216, roundTripTimeNanos=2629572} 
.2017-05-19T18:20:29.517 [cluster-ClusterId{value='591f0d3d822760451846383d', description='null'}-localhost:27017] INFO  org.mongodb.driver.cluster - Discovered cluster type of STANDALONE 
.2017-05-19T18:20:31.042 [main] INFO  o.s.j.e.a.AnnotationMBeanExporter - Registering beans for JMX exposure on startup 
.2017-05-19T18:20:31.081 [main] INFO  com.akasiyanik.trip.DataLoader - Route loading is started: BUS 1  
.2017-05-19T18:20:45.629 [main] INFO  com.akasiyanik.trip.DataLoader - Route loading has been finished: BUS 1  
.2017-05-19T18:20:45.630 [main] INFO  com.akasiyanik.trip.DataLoader - Route loading is started: BUS 2c  
.2017-05-19T18:20:49.211 [main] INFO  com.akasiyanik.trip.DataLoader - Route loading has been finished: BUS 2c  
.2017-05-19T18:20:49.212 [main] INFO  com.akasiyanik.trip.DataLoader - Route loading is started: BUS 64  
.2017-05-19T18:20:52.735 [main] INFO  com.akasiyanik.trip.DataLoader - Route loading has been finished: BUS 64  
.2017-05-19T18:20:52.839 [main] INFO  org.mongodb.driver.connection - Opened connection [connectionId{localValue:2, serverValue:13}] to localhost:27017 
.2017-05-19T18:21:02.065 [main] DEBUG com.akasiyanik.trip.DataLoader - Stop found: MinskTransStop{name='ДС Уручье-2', ids=[14386], locations=[GeoLocation{lat=27.69473, lon=53.93224}]} 
.2017-05-19T18:21:02.092 [main] DEBUG com.akasiyanik.trip.DataLoader - Stop found: MinskTransStop{name='Сосновый Бор', ids=[14404], locations=[GeoLocation{lat=27.69822, lon=53.93288}]} 
.2017-05-19T18:21:02.095 [main] DEBUG com.akasiyanik.trip.DataLoader - Stop found: MinskTransStop{name='Институт химии новых материалов', ids=[14628, 14633], locations=[GeoLocation{lat=27.70015, lon=53.92897}, GeoLocation{lat=27.69983, lon=53.92885}]} 
.2017-05-19T18:21:02.097 [main] DEBUG com.akasiyanik.trip.DataLoader - Stop found: MinskTransStop{name='Опытное поле', ids=[14406, 14629], locations=[GeoLocation{lat=27.69416, lon=53.92526}, GeoLocation{lat=27.69419, lon=53.92551}]} 
.2017-05-19T18:21:02.098 [main] DEBUG com.akasiyanik.trip.DataLoader - Stop found: MinskTransStop{name='Академгородок', ids=[14407, 14408], locations=[GeoLocation{lat=27.68945, lon=53.92754}, GeoLocation{lat=27.68882, lon=53.92733}]} 
.2017-05-19T18:21:02.099 [main] DEBUG com.akasiyanik.trip.DataLoader - Stop found: MinskTransStop{name='Ак. Купревича', ids=[14409, 14410, 69035], locations=[GeoLocation{lat=27.68314, lon=53.92644}, GeoLocation{lat=27.68263, lon=53.92646}, GeoLocation{lat=27.68117, lon=53.92502}]} 
.2017-05-19T18:21:02.099 [main] DEBUG com.akasiyanik.trip.DataLoader - Stop found: MinskTransStop{name='Институт неврологии и нейрохирургии', ids=[14411, 14412], locations=[GeoLocation{lat=27.67674, lon=53.92376}, GeoLocation{lat=27.67666, lon=53.92403}]} 
.2017-05-19T18:21:02.101 [main] DEBUG com.akasiyanik.trip.DataLoader - Stop found: MinskTransStop{name='Роддом', ids=[14413, 14414], locations=[GeoLocation{lat=27.67085, lon=53.92393}, GeoLocation{lat=27.67064, lon=53.92373}]} 
.2017-05-19T18:21:02.103 [main] DEBUG com.akasiyanik.trip.DataLoader - Stop found: MinskTransStop{name='Академия связи', ids=[14415, 14416], locations=[GeoLocation{lat=27.66639, lon=53.92465}, GeoLocation{lat=27.66587, lon=53.92511}]} 
.2017-05-19T18:21:02.104 [main] DEBUG com.akasiyanik.trip.DataLoader - Stop found: MinskTransStop{name='БелавтоГАЗ', ids=[14417, 14631], locations=[GeoLocation{lat=27.66188, lon=53.9257}, GeoLocation{lat=27.66112, lon=53.92615}]} 
.2017-05-19T18:21:02.106 [main] DEBUG com.akasiyanik.trip.DataLoader - Stop found: MinskTransStop{name='Дом Милосердия', ids=[14418, 14419, 15427], locations=[GeoLocation{lat=27.6544, lon=53.92715}, GeoLocation{lat=27.65587, lon=53.92677}, GeoLocation{lat=27.65476, lon=53.92637}]} 
.2017-05-19T18:21:02.107 [main] DEBUG com.akasiyanik.trip.DataLoader - Stop found: MinskTransStop{name='Жасминовая', ids=[14420, 14421], locations=[GeoLocation{lat=27.64914, lon=53.92768}, GeoLocation{lat=27.64885, lon=53.92746}]} 
.2017-05-19T18:21:02.108 [main] DEBUG com.akasiyanik.trip.DataLoader - Stop found: MinskTransStop{name='Филимонова', ids=[14341], locations=[GeoLocation{lat=27.64265, lon=53.929}]} 
.2017-05-19T18:21:02.109 [main] DEBUG com.akasiyanik.trip.DataLoader - Stop found: MinskTransStop{name='Обсерватория', ids=[14342, 14343], locations=[GeoLocation{lat=27.63419, lon=53.92957}, GeoLocation{lat=27.63361, lon=53.93}]} 
.2017-05-19T18:21:02.109 [main] DEBUG com.akasiyanik.trip.DataLoader - Stop found: MinskTransStop{name='ст.м. Московская', ids=[14344, 14346, 14423, 73198], locations=[GeoLocation{lat=27.6257, lon=53.92858}, GeoLocation{lat=27.62907, lon=53.92812}, GeoLocation{lat=27.62624, lon=53.92722}, GeoLocation{lat=27.62756, lon=53.92798}]} 
.2017-05-19T18:21:02.110 [main] DEBUG com.akasiyanik.trip.DataLoader - Stop found: MinskTransStop{name='Белгостелерадио', ids=[14424, 14425], locations=[GeoLocation{lat=27.62799, lon=53.92321}, GeoLocation{lat=27.62766, lon=53.92311}]} 
.2017-05-19T18:21:02.111 [main] DEBUG com.akasiyanik.trip.DataLoader - Stop found: MinskTransStop{name='Колледж искусств', ids=[14426, 14427], locations=[GeoLocation{lat=27.62627, lon=53.92032}, GeoLocation{lat=27.6257, lon=53.92014}]} 
.2017-05-19T18:21:02.112 [main] DEBUG com.akasiyanik.trip.DataLoader - Stop found: MinskTransStop{name='Макаёнка', ids=[14428, 14429], locations=[GeoLocation{lat=27.62502, lon=53.91877}, GeoLocation{lat=27.62453, lon=53.91864}]} 
.2017-05-19T18:21:02.113 [main] DEBUG com.akasiyanik.trip.DataLoader - Stop found: MinskTransStop{name='Макаёнка', ids=[14428, 14429], locations=[GeoLocation{lat=27.62502, lon=53.91877}, GeoLocation{lat=27.62453, lon=53.91864}]} 
.2017-05-19T18:21:02.113 [main] DEBUG com.akasiyanik.trip.DataLoader - Stop found: MinskTransStop{name='Колледж искусств', ids=[14426, 14427], locations=[GeoLocation{lat=27.62627, lon=53.92032}, GeoLocation{lat=27.6257, lon=53.92014}]} 
.2017-05-19T18:21:02.115 [main] DEBUG com.akasiyanik.trip.DataLoader - Stop found: MinskTransStop{name='Белгостелерадио', ids=[14424, 14425], locations=[GeoLocation{lat=27.62799, lon=53.92321}, GeoLocation{lat=27.62766, lon=53.92311}]} 
.2017-05-19T18:21:02.116 [main] DEBUG com.akasiyanik.trip.DataLoader - Stop found: MinskTransStop{name='ст.м. Московская', ids=[14344, 14346, 14423, 73198], locations=[GeoLocation{lat=27.6257, lon=53.92858}, GeoLocation{lat=27.62907, lon=53.92812}, GeoLocation{lat=27.62624, lon=53.92722}, GeoLocation{lat=27.62756, lon=53.92798}]} 
.2017-05-19T18:21:02.118 [main] DEBUG com.akasiyanik.trip.DataLoader - Stop found: MinskTransStop{name='Обсерватория', ids=[14342, 14343], locations=[GeoLocation{lat=27.63419, lon=53.92957}, GeoLocation{lat=27.63361, lon=53.93}]} 
.2017-05-19T18:21:02.119 [main] DEBUG com.akasiyanik.trip.DataLoader - Stop found: MinskTransStop{name='Филимонова', ids=[14422, 15442], locations=[GeoLocation{lat=27.64066, lon=53.92842}, GeoLocation{lat=27.63937, lon=53.92991}]} 
.2017-05-19T18:21:02.120 [main] DEBUG com.akasiyanik.trip.DataLoader - Stop found: MinskTransStop{name='Жасминовая', ids=[14420, 14421], locations=[GeoLocation{lat=27.64914, lon=53.92768}, GeoLocation{lat=27.64885, lon=53.92746}]} 
.2017-05-19T18:21:02.121 [main] DEBUG com.akasiyanik.trip.DataLoader - Stop found: MinskTransStop{name='Дом Милосердия', ids=[14418, 14419, 15427], locations=[GeoLocation{lat=27.6544, lon=53.92715}, GeoLocation{lat=27.65587, lon=53.92677}, GeoLocation{lat=27.65476, lon=53.92637}]} 
.2017-05-19T18:21:02.122 [main] DEBUG com.akasiyanik.trip.DataLoader - Stop found: MinskTransStop{name='БелавтоГАЗ', ids=[14417, 14631], locations=[GeoLocation{lat=27.66188, lon=53.9257}, GeoLocation{lat=27.66112, lon=53.92615}]} 
.2017-05-19T18:21:02.123 [main] DEBUG com.akasiyanik.trip.DataLoader - Stop found: MinskTransStop{name='Академия связи', ids=[14415, 14416], locations=[GeoLocation{lat=27.66639, lon=53.92465}, GeoLocation{lat=27.66587, lon=53.92511}]} 
.2017-05-19T18:21:02.124 [main] DEBUG com.akasiyanik.trip.DataLoader - Stop found: MinskTransStop{name='Роддом', ids=[14413, 14414], locations=[GeoLocation{lat=27.67085, lon=53.92393}, GeoLocation{lat=27.67064, lon=53.92373}]} 
.2017-05-19T18:21:02.129 [main] DEBUG com.akasiyanik.trip.DataLoader - Stop found: MinskTransStop{name='Институт неврологии и нейрохирургии', ids=[14411, 14412], locations=[GeoLocation{lat=27.67674, lon=53.92376}, GeoLocation{lat=27.67666, lon=53.92403}]} 
.2017-05-19T18:21:02.130 [main] DEBUG com.akasiyanik.trip.DataLoader - Stop found: MinskTransStop{name='Ак. Купревича', ids=[14409, 14410, 69035], locations=[GeoLocation{lat=27.68314, lon=53.92644}, GeoLocation{lat=27.68263, lon=53.92646}, GeoLocation{lat=27.68117, lon=53.92502}]} 
.2017-05-19T18:21:02.130 [main] DEBUG com.akasiyanik.trip.DataLoader - Stop found: MinskTransStop{name='Академгородок', ids=[14407, 14408], locations=[GeoLocation{lat=27.68945, lon=53.92754}, GeoLocation{lat=27.68882, lon=53.92733}]} 
.2017-05-19T18:21:02.132 [main] DEBUG com.akasiyanik.trip.DataLoader - Stop found: MinskTransStop{name='Опытное поле', ids=[14406, 14629], locations=[GeoLocation{lat=27.69416, lon=53.92526}, GeoLocation{lat=27.69419, lon=53.92551}]} 
.2017-05-19T18:21:02.133 [main] DEBUG com.akasiyanik.trip.DataLoader - Stop found: MinskTransStop{name='Институт химии новых материалов', ids=[14628, 14633], locations=[GeoLocation{lat=27.70015, lon=53.92897}, GeoLocation{lat=27.69983, lon=53.92885}]} 
.2017-05-19T18:21:02.134 [main] DEBUG com.akasiyanik.trip.DataLoader - Stop found: MinskTransStop{name='Сосновый Бор', ids=[14405], locations=[GeoLocation{lat=27.69834, lon=53.93313}]} 
.2017-05-19T18:21:02.134 [main] DEBUG com.akasiyanik.trip.DataLoader - Stop found: MinskTransStop{name='ДС Уручье-2', ids=[14386], locations=[GeoLocation{lat=27.69473, lon=53.93224}]} 
.2017-05-19T18:21:02.157 [main] INFO  com.akasiyanik.trip.Application - Started Application in 36.221 seconds (JVM running for 38.729) 
.2017-05-19T18:21:02.169 [Thread-2] INFO  o.s.c.a.AnnotationConfigApplicationContext - Closing org.springframework.context.annotation.AnnotationConfigApplicationContext@130dca52: startup date [Fri May 19 18:20:27 MSK 2017]; root of context hierarchy 
.2017-05-19T18:21:02.178 [Thread-2] INFO  o.s.j.e.a.AnnotationMBeanExporter - Unregistering JMX-exposed beans on shutdown 
.2017-05-19T18:21:02.203 [Thread-2] INFO  org.mongodb.driver.connection - Closed connection [connectionId{localValue:2, serverValue:13}] to localhost:27017 because the pool has been closed. 
